<?xml version="1.0" encoding="UTF-8"?>
<testng-results skipped="0" failed="0" ignored="0" total="1" passed="1">
  <reporter-output>
  </reporter-output>
  <suite name="Default suite" duration-ms="6808" started-at="2017-07-19T21:30:36Z" finished-at="2017-07-19T21:30:42Z">
    <groups>
    </groups>
    <test name="Default test" duration-ms="6808" started-at="2017-07-19T21:30:36Z" finished-at="2017-07-19T21:30:42Z">
      <class name="selenium.practice.CreateAccount">
        <test-method status="PASS" signature="setUpBeforeClass()[pri:0, instance:selenium.practice.CreateAccount@a3ffec]" name="setUpBeforeClass" is-config="true" duration-ms="4321" started-at="2017-07-20T03:00:36Z" finished-at="2017-07-20T03:00:40Z">
          <reporter-output>
          </reporter-output>
        </test-method> <!-- setUpBeforeClass -->
        <test-method status="PASS" signature="testCreateAccount()[pri:0, instance:selenium.practice.CreateAccount@a3ffec]" name="testCreateAccount" duration-ms="2460" started-at="2017-07-20T03:00:40Z" finished-at="2017-07-20T03:00:42Z">
          <reporter-output>
          </reporter-output>
        </test-method> <!-- testCreateAccount -->
        <test-method status="PASS" signature="tearDownAfterClass()[pri:0, instance:selenium.practice.CreateAccount@a3ffec]" name="tearDownAfterClass" is-config="true" duration-ms="0" started-at="2017-07-20T03:00:42Z" finished-at="2017-07-20T03:00:42Z">
          <reporter-output>
          </reporter-output>
        </test-method> <!-- tearDownAfterClass -->
      </class> <!-- selenium.practice.CreateAccount -->
    </test> <!-- Default test -->
  </suite> <!-- Default suite -->
</testng-results>
